2024-12-16 11:14:06 INFO  TC001_AccountRegistrationTest:15 - ***** Starting TC001_AccountRegistrationTest *****
2024-12-16 11:14:07 INFO  TC001_AccountRegistrationTest:21 - Clicked on my Account Link 
2024-12-16 11:14:08 INFO  TC001_AccountRegistrationTest:25 - Clicked on Register Link 
2024-12-16 11:14:08 INFO  TC001_AccountRegistrationTest:29 - Providing customer details
2024-12-16 11:14:10 INFO  TC001_AccountRegistrationTest:45 - Validating expected message
2024-12-16 11:14:28 INFO  TC002_LoginTest:17 - ******Starting TC_002_LoginTest ******
2024-12-16 11:14:31 INFO  TC002_LoginTest:38 - ***** Finished TC_002_LoginTest****
2024-12-16 17:51:24 INFO  TC001_AccountRegistrationTest:15 - ***** Starting TC001_AccountRegistrationTest *****
2024-12-16 17:51:24 INFO  TC001_AccountRegistrationTest:21 - Clicked on my Account Link 
2024-12-16 17:51:26 INFO  TC001_AccountRegistrationTest:25 - Clicked on Register Link 
2024-12-16 17:51:26 INFO  TC001_AccountRegistrationTest:29 - Providing customer details
2024-12-16 17:51:27 INFO  TC001_AccountRegistrationTest:45 - Validating expected message
2024-12-16 17:51:42 INFO  TC002_LoginTest:17 - ******Starting TC_002_LoginTest ******
2024-12-16 17:51:44 INFO  TC002_LoginTest:38 - ***** Finished TC_002_LoginTest****
2024-12-16 18:13:31 INFO  TC001_AccountRegistrationTest:15 - ***** Starting TC001_AccountRegistrationTest *****
2024-12-16 18:13:32 INFO  TC001_AccountRegistrationTest:21 - Clicked on my Account Link 
2024-12-16 18:13:34 INFO  TC001_AccountRegistrationTest:25 - Clicked on Register Link 
2024-12-16 18:13:34 INFO  TC001_AccountRegistrationTest:29 - Providing customer details
2024-12-16 18:13:36 INFO  TC001_AccountRegistrationTest:45 - Validating expected message
2024-12-16 18:13:53 INFO  TC002_LoginTest:17 - ******Starting TC_002_LoginTest ******
2024-12-16 18:13:57 INFO  TC002_LoginTest:38 - ***** Finished TC_002_LoginTest****
